----------------------------------------------------------------
2012-10-31 13:43:43.902 GMT:
 Booting Derby version The Apache Software Foundation - Apache Derby - 10.5.1.1 - (764942): instance a816c00e-013a-b710-35d2-00000450da28
on database directory memory:/Work/spring-framework/spring-framework-3.1.x/org.springframework.jdbc/derbyDataSource  

Database Class Loader started - derby.database.classpath=''

2012-10-31 13:43:44.521 GMT:
Shutting down instance a816c00e-013a-b710-35d2-00000450da28
----------------------------------------------------------------
----------------------------------------------------------------
2012-10-31 13:43:44.574 GMT:
 Booting Derby version The Apache Software Foundation - Apache Derby - 10.5.1.1 - (764942): instance 6c44409f-013a-b710-35d2-00000450da28
on database directory memory:/Work/spring-framework/spring-framework-3.1.x/org.springframework.jdbc/derbyDataSource  

Database Class Loader started - derby.database.classpath=''

2012-10-31 13:43:44.931 GMT:
Shutting down instance 6c44409f-013a-b710-35d2-00000450da28
----------------------------------------------------------------
----------------------------------------------------------------
2012-10-31 13:43:48.937 GMT:
 Booting Derby version The Apache Software Foundation - Apache Derby - 10.5.1.1 - (764942): instance 24fa0130-013a-b710-35d2-00000450da28
on database directory memory:/Work/spring-framework/spring-framework-3.1.x/org.springframework.jdbc/testdb  

Database Class Loader started - derby.database.classpath=''

2012-10-31 13:43:49.100 GMT:
Shutting down instance 24fa0130-013a-b710-35d2-00000450da28
----------------------------------------------------------------
